<?xml version="1.0" encoding="UTF-8"?>
<!-- Generated by org.testng.reporters.JUnitXMLReporter -->
<testsuite hostname="Kashmeera" failures="1" tests="2" name="FormAuthentication Test" time="16.706" errors="0" timestamp="31 Dec 2024 03:30:50 GMT">
  <testcase classname="app.seleniumautomation.TestRunner" name="runScenario" time="6.648">
    <failure type="java.lang.NullPointerException" message="Cannot invoke &amp;quot;org.openqa.selenium.WebDriver.findElement(org.openqa.selenium.By)&amp;quot; because &amp;quot;this.driver&amp;quot; is null">
      <![CDATA[java.lang.NullPointerException: Cannot invoke "org.openqa.selenium.WebDriver.findElement(org.openqa.selenium.By)" because "this.driver" is null
	at app.seleniumautomation.stepdefinitions.Dropdownsteps.i_select_a_vale_from_the_dropdown(Dropdownsteps.java:36)
	at ✽.I select a Singapore from the dropdown(file:///D:/Selenium_Java_Maven_cucumber/selenium_maven_cucumber_testng_project/src/test/resources/features/Dropdown.feature:9)
]]>
    </failure>
  </testcase> <!-- runScenario -->
  <testcase classname="app.seleniumautomation.TestRunner" name="runScenario" time="9.375"/>
</testsuite> <!-- FormAuthentication Test -->
