<?xml version="1.0" encoding="UTF-8"?>
<testsuite xmlns:xsi="http://www.w3.org/2001/XMLSchema-instance" xsi:noNamespaceSchemaLocation="https://maven.apache.org/surefire/maven-surefire-plugin/xsd/surefire-test-report.xsd" version="3.0.2" name="TestSuite" time="24.402" tests="3" errors="0" skipped="0" failures="1">
  <properties>
[...]
</properties>
  <testcase name="runScenario[&quot;validate the form checkbox functionality&quot;, &quot;Checkbox functionality&quot;](1)" classname="app.seleniumautomation.TestRunner" time="4.985">
    <failure message="The step &apos;I checked that checkbox is selected and validate the message&apos; and 1 other step(s) are undefined.&#10;You can implement these steps using the snippet(s) below:&#10;&#10;@When(&quot;I checked that checkbox is selected and validate the message&quot;)&#10;public void i_checked_that_checkbox_is_selected_and_validate_the_message() {&#10;    // Write code here that turns the phrase above into concrete actions&#10;    throw new io.cucumber.java.PendingException();&#10;}&#10;@Then(&quot;checkbox is not selected validate the message&quot;)&#10;public void checkbox_is_not_selected_validate_the_message() {&#10;    // Write code here that turns the phrase above into concrete actions&#10;    throw new io.cucumber.java.PendingException();&#10;}&#10;" type="io.cucumber.testng.UndefinedStepException"><![CDATA[io.cucumber.testng.UndefinedStepException: 
The step 'I checked that checkbox is selected and validate the message' and 1 other step(s) are undefined.
You can implement these steps using the snippet(s) below:

@When("I checked that checkbox is selected and validate the message")
public void i_checked_that_checkbox_is_selected_and_validate_the_message() {
    // Write code here that turns the phrase above into concrete actions
    throw new io.cucumber.java.PendingException();
}
@Then("checkbox is not selected validate the message")
public void checkbox_is_not_selected_validate_the_message() {
    // Write code here that turns the phrase above into concrete actions
    throw new io.cucumber.java.PendingException();
}

	at io.cucumber.core.runtime.TestCaseResultObserver.assertTestCasePassed(TestCaseResultObserver.java:69)
	at io.cucumber.testng.TestCaseResultObserver.assertTestCasePassed(TestCaseResultObserver.java:23)
	at io.cucumber.testng.TestNGCucumberRunner.lambda$runScenario$1(TestNGCucumberRunner.java:136)
	at io.cucumber.core.runtime.CucumberExecutionContext.lambda$runTestCase$5(CucumberExecutionContext.java:136)
	at io.cucumber.core.runtime.RethrowingThrowableCollector.executeAndThrow(RethrowingThrowableCollector.java:23)
	at io.cucumber.core.runtime.CucumberExecutionContext.runTestCase(CucumberExecutionContext.java:136)
	at io.cucumber.testng.TestNGCucumberRunner.runScenario(TestNGCucumberRunner.java:132)
	at io.cucumber.testng.AbstractTestNGCucumberTests.runScenario(AbstractTestNGCucumberTests.java:35)
	at java.base/jdk.internal.reflect.NativeMethodAccessorImpl.invoke0(Native Method)
	at java.base/jdk.internal.reflect.NativeMethodAccessorImpl.invoke(NativeMethodAccessorImpl.java:77)
	at java.base/jdk.internal.reflect.DelegatingMethodAccessorImpl.invoke(DelegatingMethodAccessorImpl.java:43)
	at java.base/java.lang.reflect.Method.invoke(Method.java:568)
	at org.testng.internal.MethodInvocationHelper.invokeMethod(MethodInvocationHelper.java:85)
	at org.testng.internal.Invoker.invokeMethod(Invoker.java:639)
	at org.testng.internal.Invoker.invokeTestMethod(Invoker.java:816)
	at org.testng.internal.Invoker.invokeTestMethods(Invoker.java:1124)
	at org.testng.internal.TestMethodWorker.invokeTestMethods(TestMethodWorker.java:125)
	at org.testng.internal.TestMethodWorker.run(TestMethodWorker.java:108)
	at org.testng.TestRunner.privateRun(TestRunner.java:774)
	at org.testng.TestRunner.run(TestRunner.java:624)
	at org.testng.SuiteRunner.runTest(SuiteRunner.java:359)
	at org.testng.SuiteRunner.runSequentially(SuiteRunner.java:354)
	at org.testng.SuiteRunner.privateRun(SuiteRunner.java:312)
	at org.testng.SuiteRunner.run(SuiteRunner.java:261)
	at org.testng.SuiteRunnerWorker.runSuite(SuiteRunnerWorker.java:52)
	at org.testng.SuiteRunnerWorker.run(SuiteRunnerWorker.java:86)
	at org.testng.TestNG.runSuitesSequentially(TestNG.java:1191)
	at org.testng.TestNG.runSuitesLocally(TestNG.java:1116)
	at org.testng.TestNG.run(TestNG.java:1024)
	at org.apache.maven.surefire.testng.TestNGExecutor.run(TestNGExecutor.java:308)
	at org.apache.maven.surefire.testng.TestNGXmlTestSuite.execute(TestNGXmlTestSuite.java:71)
	at org.apache.maven.surefire.testng.TestNGProvider.invoke(TestNGProvider.java:113)
	at org.apache.maven.surefire.booter.ForkedBooter.runSuitesInProcess(ForkedBooter.java:385)
	at org.apache.maven.surefire.booter.ForkedBooter.execute(ForkedBooter.java:162)
	at org.apache.maven.surefire.booter.ForkedBooter.run(ForkedBooter.java:507)
	at org.apache.maven.surefire.booter.ForkedBooter.main(ForkedBooter.java:495)
]]></failure>
    <system-out><![CDATA[
@checkbox @all
Scenario Outline: validate the form checkbox functionality                                             &amp#27;[90m# src/test/resources/features/Checkbox.feature:11&amp#27;[0m
  &amp#27;[32mGiven &amp#27;[0m&amp#27;[32mI navigate to test checkbox &amp#27;[0m&amp#27;[32m&amp#27;[1mhttps://opensource-demo.orangehrmlive.com/web/index.php/auth/login&amp#27;[0m &amp#27;[90m# app.seleniumautomation.stepdefinitions.Checkboxsteps.i_navigate_to_test_checkbox_url(java.lang.String)&amp#27;[0m
  &amp#27;[33mWhen &amp#27;[0m&amp#27;[33mI checked that checkbox is selected and validate the message&amp#27;[0m
  &amp#27;[36mThen &amp#27;[0m&amp#27;[36mcheckbox is not selected validate the message&amp#27;[0m
]]></system-out>
  </testcase>
  <testcase name="runScenario[&quot;validate the form dropdown functionality&quot;, &quot;Dropdown functionality&quot;](2)" classname="app.seleniumautomation.TestRunner" time="10.359">
    <system-out><![CDATA[
@Dropdown @all
Scenario Outline: validate the form dropdown functionality                                  &amp#27;[90m# src/test/resources/features/Dropdown.feature:17&amp#27;[0m
  &amp#27;[32mGiven &amp#27;[0m&amp#27;[32mI navigate to only testing &amp#27;[0m&amp#27;[32m&amp#27;[1mhttps://only-testing-blog.blogspot.com/2013/09/test.html&amp#27;[0m &amp#27;[90m# app.seleniumautomation.stepdefinitions.Dropdownsteps.i_navigate_to_only_testing_url(java.lang.String)&amp#27;[0m
Opel
  &amp#27;[32mWhen &amp#27;[0m&amp#27;[32mI select a &amp#27;[0m&amp#27;[32m&amp#27;[1mSingapore&amp#27;[0m&amp#27;[32m from the dropdown&amp#27;[0m                                               &amp#27;[90m# app.seleniumautomation.stepdefinitions.Dropdownsteps.i_select_a_vale_from_the_dropdown(java.lang.String)&amp#27;[0m
Opel
  &amp#27;[32mThen &amp#27;[0m&amp#27;[32mI validate if the selected value is populated&amp#27;[0m                                        &amp#27;[90m# app.seleniumautomation.stepdefinitions.Dropdownsteps.validate_if_the_selected_value_is_populated()&amp#27;[0m
]]></system-out>
  </testcase>
  <testcase name="runScenario[&quot;validate the form authentication functionality&quot;, &quot;Form Authentication functionality&quot;](3)" classname="app.seleniumautomation.TestRunner" time="7.321">
    <system-out><![CDATA[
@formauthentication @all
Scenario Outline: validate the form authentication functionality                  &amp#27;[90m# src/test/resources/features/FormAuthentication.feature:11&amp#27;[0m
  &amp#27;[32mGiven &amp#27;[0m&amp#27;[32mI navigate to the &amp#27;[0m&amp#27;[32m&amp#27;[1mhttps://the-internet.herokuapp.com/&amp#27;[0m                     &amp#27;[90m# app.seleniumautomation.stepdefinitions.FormAuthenticationSteps.i_navigate_to_the_url(java.lang.String)&amp#27;[0m
  &amp#27;[32mWhen &amp#27;[0m&amp#27;[32mI click on form authentication and enter &amp#27;[0m&amp#27;[32m&amp#27;[1mtomsmith&amp#27;[0m&amp#27;[32m and &amp#27;[0m&amp#27;[32m&amp#27;[1mSuperSecretPassword!&amp#27;[0m &amp#27;[90m# app.seleniumautomation.stepdefinitions.FormAuthenticationSteps.i_click_on_form_authentication_and_enter_credentials(java.lang.String,java.lang.String)&amp#27;[0m
  &amp#27;[32mThen &amp#27;[0m&amp#27;[32mvalidate login successful&amp#27;[0m                                                  &amp#27;[90m# app.seleniumautomation.stepdefinitions.FormAuthenticationSteps.validate_login_successful()&amp#27;[0m
]]></system-out>
  </testcase>
</testsuite>