<?xml version="1.0" encoding="UTF-8"?>
<testng-results total="0" passed="0" failed="0" skipped="0">
  <reporter-output>
  </reporter-output>
  <suite started-at="2024-12-24T03:10:54Z" name="Default suite" finished-at="2024-12-24T03:10:54Z" duration-ms="758">
    <groups>
      <group name="cucumber">
        <method signature="AbstractTestNGCucumberTests.runScenario(io.cucumber.testng.PickleWrapper, io.cucumber.testng.FeatureWrapper)[pri:0, instance:app.seleniumautomation.TestRunner@ca30bc1]" name="runScenario" class="io.cucumber.testng.AbstractTestNGCucumberTests"/>
      </group> <!-- cucumber -->
    </groups>
    <test started-at="2024-12-24T03:10:54Z" name="FormAuthentication Test" finished-at="2024-12-24T03:10:54Z" duration-ms="758">
      <class name="app.seleniumautomation.TestRunner">
        <test-method is-config="true" signature="setUpClass(org.testng.ITestContext)[pri:0, instance:app.seleniumautomation.TestRunner@ca30bc1]" started-at="2024-12-24T08:40:54Z" name="setUpClass" finished-at="2024-12-24T08:40:54Z" duration-ms="718" status="PASS">
          <params>
            <param index="0">
              <value>
                <![CDATA[org.testng.TestRunner@4a1e3ac1]]>
              </value>
            </param>
          </params>
          <reporter-output>
          </reporter-output>
        </test-method> <!-- setUpClass -->
        <test-method is-config="true" signature="tearDownClass()[pri:0, instance:app.seleniumautomation.TestRunner@ca30bc1]" started-at="2024-12-24T08:40:54Z" name="tearDownClass" finished-at="2024-12-24T08:40:54Z" duration-ms="29" status="PASS">
          <reporter-output>
          </reporter-output>
        </test-method> <!-- tearDownClass -->
      </class> <!-- app.seleniumautomation.TestRunner -->
    </test> <!-- FormAuthentication Test -->
  </suite> <!-- Default suite -->
</testng-results>
