<?xml version="1.0" encoding="UTF-8"?>
<testng-results total="2" passed="1" failed="1" skipped="0">
  <reporter-output>
  </reporter-output>
  <suite started-at="2024-12-31T03:30:33Z" name="Default suite" finished-at="2024-12-31T03:30:50Z" duration-ms="16706">
    <groups>
      <group name="cucumber">
        <method signature="AbstractTestNGCucumberTests.runScenario(io.cucumber.testng.PickleWrapper, io.cucumber.testng.FeatureWrapper)[pri:0, instance:app.seleniumautomation.TestRunner@1458ed9c]" name="runScenario" class="io.cucumber.testng.AbstractTestNGCucumberTests"/>
      </group> <!-- cucumber -->
    </groups>
    <test started-at="2024-12-31T03:30:33Z" name="FormAuthentication Test" finished-at="2024-12-31T03:30:50Z" duration-ms="16706">
      <class name="app.seleniumautomation.TestRunner">
        <test-method is-config="true" signature="setUpClass(org.testng.ITestContext)[pri:0, instance:app.seleniumautomation.TestRunner@1458ed9c]" started-at="2024-12-31T14:30:33Z" name="setUpClass" finished-at="2024-12-31T14:30:34Z" duration-ms="572" status="PASS">
          <params>
            <param index="0">
              <value>
                <![CDATA[org.testng.TestRunner@67c5ac52]]>
              </value>
            </param>
          </params>
          <reporter-output>
          </reporter-output>
        </test-method> <!-- setUpClass -->
        <test-method signature="runScenario(io.cucumber.testng.PickleWrapper, io.cucumber.testng.FeatureWrapper)[pri:0, instance:app.seleniumautomation.TestRunner@1458ed9c]" started-at="2024-12-31T14:30:34Z" name="runScenario" description="Runs Cucumber Scenarios" data-provider="scenarios" finished-at="2024-12-31T14:30:40Z" duration-ms="6648" status="FAIL">
          <params>
            <param index="0">
              <value>
                <![CDATA["validate the form dropdown functionality"]]>
              </value>
            </param>
            <param index="1">
              <value>
                <![CDATA["Dropdown functionality"]]>
              </value>
            </param>
          </params>
          <exception class="java.lang.NullPointerException">
            <message>
              <![CDATA[Cannot invoke "org.openqa.selenium.WebDriver.findElement(org.openqa.selenium.By)" because "this.driver" is null]]>
            </message>
            <full-stacktrace>
              <![CDATA[java.lang.NullPointerException: Cannot invoke "org.openqa.selenium.WebDriver.findElement(org.openqa.selenium.By)" because "this.driver" is null
	at app.seleniumautomation.stepdefinitions.Dropdownsteps.i_select_a_vale_from_the_dropdown(Dropdownsteps.java:36)
	at ✽.I select a Singapore from the dropdown(file:///D:/Selenium_Java_Maven_cucumber/selenium_maven_cucumber_testng_project/src/test/resources/features/Dropdown.feature:9)
]]>
            </full-stacktrace>
          </exception> <!-- java.lang.NullPointerException -->
          <reporter-output>
          </reporter-output>
        </test-method> <!-- runScenario -->
        <test-method signature="runScenario(io.cucumber.testng.PickleWrapper, io.cucumber.testng.FeatureWrapper)[pri:0, instance:app.seleniumautomation.TestRunner@1458ed9c]" started-at="2024-12-31T14:30:40Z" name="runScenario" description="Runs Cucumber Scenarios" data-provider="scenarios" finished-at="2024-12-31T14:30:50Z" duration-ms="9375" status="PASS">
          <params>
            <param index="0">
              <value>
                <![CDATA["validate the form authentication functionality"]]>
              </value>
            </param>
            <param index="1">
              <value>
                <![CDATA["Form Authentication functionality"]]>
              </value>
            </param>
          </params>
          <reporter-output>
          </reporter-output>
        </test-method> <!-- runScenario -->
        <test-method is-config="true" signature="tearDownClass()[pri:0, instance:app.seleniumautomation.TestRunner@1458ed9c]" started-at="2024-12-31T14:30:50Z" name="tearDownClass" finished-at="2024-12-31T14:30:50Z" duration-ms="95" status="PASS">
          <reporter-output>
          </reporter-output>
        </test-method> <!-- tearDownClass -->
      </class> <!-- app.seleniumautomation.TestRunner -->
    </test> <!-- FormAuthentication Test -->
  </suite> <!-- Default suite -->
</testng-results>
