<?xml version="1.0" encoding="UTF-8"?>
<testsuite xmlns:xsi="http://www.w3.org/2001/XMLSchema-instance" xsi:noNamespaceSchemaLocation="https://maven.apache.org/surefire/maven-surefire-plugin/xsd/surefire-test-report.xsd" version="3.0.2" name="TestSuite" time="9.912" tests="1" errors="0" skipped="0" failures="0">
  <properties>
[...]
</properties>
  <testcase name="runScenario[&quot;validate the form authentication functionality&quot;, &quot;Form Authentication functionality&quot;](1)" classname="app.seleniumautomation.TestRunner" time="8.495">
    <system-out><![CDATA[
@formauthentication @all
Scenario Outline: validate the form authentication functionality                  &amp#27;[90m# src/test/resources/features/FormAuthentication.feature:11&amp#27;[0m
  &amp#27;[32mGiven &amp#27;[0m&amp#27;[32mI navigate to the &amp#27;[0m&amp#27;[32m&amp#27;[1mhttps://the-internet.herokuapp.com/&amp#27;[0m                     &amp#27;[90m# app.seleniumautomation.stepdefinitions.FormAuthenticationSteps.i_navigate_to_the_url(java.lang.String)&amp#27;[0m
  &amp#27;[32mWhen &amp#27;[0m&amp#27;[32mI click on form authentication and enter &amp#27;[0m&amp#27;[32m&amp#27;[1mtomsmith&amp#27;[0m&amp#27;[32m and &amp#27;[0m&amp#27;[32m&amp#27;[1mSuperSecretPassword!&amp#27;[0m &amp#27;[90m# app.seleniumautomation.stepdefinitions.FormAuthenticationSteps.i_click_on_form_authentication_and_enter_credentials(java.lang.String,java.lang.String)&amp#27;[0m
  &amp#27;[32mThen &amp#27;[0m&amp#27;[32mvalidate login successful&amp#27;[0m                                                  &amp#27;[90m# app.seleniumautomation.stepdefinitions.FormAuthenticationSteps.validate_login_successful()&amp#27;[0m
]]></system-out>
  </testcase>
</testsuite>