<?xml version="1.0" encoding="UTF-8"?>
<testng-results ignored="0" total="1" passed="1" failed="0" skipped="0">
  <reporter-output>
  </reporter-output>
  <suite started-at="2024-12-19T09:15:17 IST" name="Default suite" finished-at="2024-12-19T09:15:30 IST" duration-ms="12763">
    <groups>
    </groups>
    <test started-at="2024-12-19T09:15:17 IST" name="Default test" finished-at="2024-12-19T09:15:30 IST" duration-ms="12763">
      <class name="app.seleniumautomation.FormAuthentication">
        <test-method signature="FormAuthenticationTest()[pri:0, instance:app.seleniumautomation.FormAuthentication@550dbc7a]" started-at="2024-12-19T09:15:17 IST" name="FormAuthenticationTest" finished-at="2024-12-19T09:15:30 IST" duration-ms="12713" status="PASS">
          <reporter-output>
          </reporter-output>
        </test-method> <!-- FormAuthenticationTest -->
      </class> <!-- app.seleniumautomation.FormAuthentication -->
    </test> <!-- Default test -->
  </suite> <!-- Default suite -->
</testng-results>
