<?xml version="1.0" encoding="UTF-8"?>
<!-- Generated by org.testng.reporters.JUnitReportReporter -->
<testsuite hostname="Kashmeera" failures="0" tests="2" name="app.seleniumautomation.TestRunner" time="16.023" errors="1" timestamp="31 Dec 2024 03:30:50 GMT">
  <testcase classname="app.seleniumautomation.TestRunner" name="runScenario" time="9.375"/>
  <testcase classname="app.seleniumautomation.TestRunner" name="runScenario" time="6.648">
    <error message="Cannot invoke &quot;org.openqa.selenium.WebDriver.findElement(org.openqa.selenium.By)&quot; because &quot;this.driver&quot; is null" type="java.lang.NullPointerException">
      <![CDATA[java.lang.NullPointerException: Cannot invoke "org.openqa.selenium.WebDriver.findElement(org.openqa.selenium.By)" because "this.driver" is null
	at app.seleniumautomation.stepdefinitions.Dropdownsteps.i_select_a_vale_from_the_dropdown(Dropdownsteps.java:36)
	at ✽.I select a Singapore from the dropdown(file:///D:/Selenium_Java_Maven_cucumber/selenium_maven_cucumber_testng_project/src/test/resources/features/Dropdown.feature:9)
]]>
    </error>
  </testcase> <!-- runScenario -->
</testsuite> <!-- app.seleniumautomation.TestRunner -->
